# JRE version: Java(TM) SE Runtime Environment (8.0_151-b12) (build 1.8.0_151-b12)
# Java VM: Java HotSpot(TM) Client VM (25.151-b12 mixed mode windows-x86 )
Heap:
 def new generation   total 7744K, used 5698K [0x04a00000, 0x05260000, 0x09f50000)
  eden space 6912K,  82% used [0x04a00000, 0x04f89048, 0x050c0000)
  from space 832K,   3% used [0x050c0000, 0x050c7860, 0x05190000)
  to   space 832K,   0% used [0x05190000, 0x05190000, 0x05260000)
 tenured generation   total 17084K, used 8980K [0x09f50000, 0x0afff000, 0x14a00000)
   the space 17084K,  52% used [0x09f50000, 0x0a8150a0, 0x0a815200, 0x0afff000)
 Metaspace       used 22442K, capacity 23029K, committed 23296K, reserved 23936K
GC Heap History (10 events):
Event: 33828.785 GC heap before
{Heap before GC invocations=1042 (full 12):
 def new generation   total 7744K, used 6930K [0x04a00000, 0x05260000, 0x09f50000)
  eden space 6912K, 100% used [0x04a00000, 0x050c0000, 0x050c0000)
  from space 832K,   2% used [0x05190000, 0x05194928, 0x05260000)
  to   space 832K,   0% used [0x050c0000, 0x050c0000, 0x05190000)
 tenured generation   total 17084K, used 8980K [0x09f50000, 0x0afff000, 0x14a00000)
   the space 17084K,  52% used [0x09f50000, 0x0a815070, 0x0a815200, 0x0afff000)
 Metaspace       used 22442K, capacity 23029K, committed 23296K, reserved 23936K
Event: 33828.786 GC heap after
Heap after GC invocations=1043 (full 12):
 def new generation   total 7744K, used 29K [0x04a00000, 0x05260000, 0x09f50000)
  eden space 6912K,   0% used [0x04a00000, 0x04a00000, 0x050c0000)
  from space 832K,   3% used [0x050c0000, 0x050c7540, 0x05190000)
  to   space 832K,   0% used [0x05190000, 0x05190000, 0x05260000)
 tenured generation   total 17084K, used 8980K [0x09f50000, 0x0afff000, 0x14a00000)
   the space 17084K,  52% used [0x09f50000, 0x0a815070, 0x0a815200, 0x0afff000)
 Metaspace       used 22442K, capacity 23029K, committed 23296K, reserved 23936K
}
Event: 33828.834 GC heap before
{Heap before GC invocations=1043 (full 12):
 def new generation   total 7744K, used 6941K [0x04a00000, 0x05260000, 0x09f50000)
  eden space 6912K, 100% used [0x04a00000, 0x050c0000, 0x050c0000)
  from space 832K,   3% used [0x050c0000, 0x050c7540, 0x05190000)
  to   space 832K,   0% used [0x05190000, 0x05190000, 0x05260000)
 tenured generation   total 17084K, used 8980K [0x09f50000, 0x0afff000, 0x14a00000)
   the space 17084K,  52% used [0x09f50000, 0x0a815070, 0x0a815200, 0x0afff000)
 Metaspace       used 22442K, capacity 23029K, committed 23296K, reserved 23936K
Event: 33828.835 GC heap after
Heap after GC invocations=1044 (full 12):
 def new generation   total 7744K, used 30K [0x04a00000, 0x05260000, 0x09f50000)
  eden space 6912K,   0% used [0x04a00000, 0x04a00000, 0x050c0000)
  from space 832K,   3% used [0x05190000, 0x05197860, 0x05260000)
  to   space 832K,   0% used [0x050c0000, 0x050c0000, 0x05190000)
 tenured generation   total 17084K, used 8980K [0x09f50000, 0x0afff000, 0x14a00000)
   the space 17084K,  52% used [0x09f50000, 0x0a815070, 0x0a815200, 0x0afff000)
 Metaspace       used 22442K, capacity 23029K, committed 23296K, reserved 23936K
}
Event: 33828.882 GC heap before
{Heap before GC invocations=1044 (full 12):
 def new generation   total 7744K, used 6942K [0x04a00000, 0x05260000, 0x09f50000)
  eden space 6912K, 100% used [0x04a00000, 0x050c0000, 0x050c0000)
  from space 832K,   3% used [0x05190000, 0x05197860, 0x05260000)
  to   space 832K,   0% used [0x050c0000, 0x050c0000, 0x05190000)
 tenured generation   total 17084K, used 8980K [0x09f50000, 0x0afff000, 0x14a00000)
   the space 17084K,  52% used [0x09f50000, 0x0a815070, 0x0a815200, 0x0afff000)
 Metaspace       used 22442K, capacity 23029K, committed 23296K, reserved 23936K
Event: 33828.883 GC heap after
Heap after GC invocations=1045 (full 12):
 def new generation   total 7744K, used 30K [0x04a00000, 0x05260000, 0x09f50000)
  eden space 6912K,   0% used [0x04a00000, 0x04a00000, 0x050c0000)
  from space 832K,   3% used [0x050c0000, 0x050c79b8, 0x05190000)
  to   space 832K,   0% used [0x05190000, 0x05190000, 0x05260000)
 tenured generation   total 17084K, used 8980K [0x09f50000, 0x0afff000, 0x14a00000)
   the space 17084K,  52% used [0x09f50000, 0x0a815070, 0x0a815200, 0x0afff000)
 Metaspace       used 22442K, capacity 23029K, committed 23296K, reserved 23936K
}
Event: 33828.934 GC heap before
{Heap before GC invocations=1045 (full 12):
 def new generation   total 7744K, used 6942K [0x04a00000, 0x05260000, 0x09f50000)
  eden space 6912K, 100% used [0x04a00000, 0x050c0000, 0x050c0000)
  from space 832K,   3% used [0x050c0000, 0x050c79b8, 0x05190000)
  to   space 832K,   0% used [0x05190000, 0x05190000, 0x05260000)
 tenured generation   total 17084K, used 8980K [0x09f50000, 0x0afff000, 0x14a00000)
   the space 17084K,  52% used [0x09f50000, 0x0a815070, 0x0a815200, 0x0afff000)
 Metaspace       used 22442K, capacity 23029K, committed 23296K, reserved 23936K
Event: 33828.936 GC heap after
Heap after GC invocations=1046 (full 12):
 def new generation   total 7744K, used 30K [0x04a00000, 0x05260000, 0x09f50000)
  eden space 6912K,   0% used [0x04a00000, 0x04a00000, 0x050c0000)
  from space 832K,   3% used [0x05190000, 0x05197818, 0x05260000)
  to   space 832K,   0% used [0x050c0000, 0x050c0000, 0x05190000)
 tenured generation   total 17084K, used 8980K [0x09f50000, 0x0afff000, 0x14a00000)
   the space 17084K,  52% used [0x09f50000, 0x0a815080, 0x0a815200, 0x0afff000)
 Metaspace       used 22442K, capacity 23029K, committed 23296K, reserved 23936K
}
Event: 33828.982 GC heap before
{Heap before GC invocations=1046 (full 12):
 def new generation   total 7744K, used 6942K [0x04a00000, 0x05260000, 0x09f50000)
  eden space 6912K, 100% used [0x04a00000, 0x050c0000, 0x050c0000)
  from space 832K,   3% used [0x05190000, 0x05197818, 0x05260000)
  to   space 832K,   0% used [0x050c0000, 0x050c0000, 0x05190000)
 tenured generation   total 17084K, used 8980K [0x09f50000, 0x0afff000, 0x14a00000)
   the space 17084K,  52% used [0x09f50000, 0x0a815080, 0x0a815200, 0x0afff000)
 Metaspace       used 22442K, capacity 23029K, committed 23296K, reserved 23936K
Event: 33828.983 GC heap after
Heap after GC invocations=1047 (full 12):
 def new generation   total 7744K, used 30K [0x04a00000, 0x05260000, 0x09f50000)
  eden space 6912K,   0% used [0x04a00000, 0x04a00000, 0x050c0000)
  from space 832K,   3% used [0x050c0000, 0x050c7860, 0x05190000)
  to   space 832K,   0% used [0x05190000, 0x05190000, 0x05260000)
 tenured generation   total 17084K, used 8980K [0x09f50000, 0x0afff000, 0x14a00000)
   the space 17084K,  52% used [0x09f50000, 0x0a8150a0, 0x0a815200, 0x0afff000)
 Metaspace       used 22442K, capacity 23029K, committed 23296K, reserved 23936K
}

